<?xml version="1.0" encoding="UTF-8"?>
<!-- Generated by org.testng.reporters.JUnitReportReporter -->
<testsuite hostname="Srinath" failures="1" tests="3" name="org.mln.testcases.ProductsTest" time="3.464" errors="0" timestamp="2023-01-06T13:52:43 EST" skipped="0">
  <testcase classname="org.mln.testcases.ProductsTest" name="addAProduct" time="2.685"/>
  <system-out/>
  <testcase classname="org.mln.testcases.ProductsTest" name="getAllProducts" time="0.392">
    <failure message="JSON documents are different:
Different value found in node &quot;$.products[4].description&quot;, expected: &lt;&quot;Huaweiâ€™s re-badged P30 Pro New Edition was officially unveiled yesterday in Germany and now the device has made its way to the UK.&quot;&gt; but was: &lt;&quot;Huawei’s re-badged P30 Pro New Edition was officially unveiled yesterday in Germany and now the device has made its way to the UK.&quot;&gt;.
" type="net.javacrumbs.jsonunit.core.internal.BasicExceptionFactory$BasicJsonAssertError">
      <![CDATA[net.javacrumbs.jsonunit.core.internal.BasicExceptionFactory$BasicJsonAssertError: JSON documents are different:
Different value found in node "$.products[4].description", expected: <"Huaweiâ€™s re-badged P30 Pro New Edition was officially unveiled yesterday in Germany and now the device has made its way to the UK."> but was: <"Huawei’s re-badged P30 Pro New Edition was officially unveiled yesterday in Germany and now the device has made its way to the UK.">.

at net.javacrumbs.jsonunit.core.internal.BasicExceptionFactory.createException(ExceptionFactory.java:19)
at net.javacrumbs.jsonunit.core.internal.ExceptionUtils.createException(ExceptionUtils.java:45)
at net.javacrumbs.jsonunit.core.internal.Diff.failIfDifferent(Diff.java:617)
at net.javacrumbs.jsonunit.assertj.JsonAssert.isEqualTo(JsonAssert.java:121)
at org.mln.libraries.JSONCustomAssert.jsonCustomAssertEqualsWithPath(JSONCustomAssert.java:32)
at org.mln.testcases.ProductsTest.getAllProducts(ProductsTest.java:25)
at java.base/jdk.internal.reflect.NativeMethodAccessorImpl.invoke0(Native Method)
at java.base/jdk.internal.reflect.NativeMethodAccessorImpl.invoke(NativeMethodAccessorImpl.java:62)
at java.base/jdk.internal.reflect.DelegatingMethodAccessorImpl.invoke(DelegatingMethodAccessorImpl.java:43)
at java.base/java.lang.reflect.Method.invoke(Method.java:566)
at org.testng.internal.invokers.MethodInvocationHelper.invokeMethod(MethodInvocationHelper.java:139)
at org.testng.internal.invokers.TestInvoker.invokeMethod(TestInvoker.java:677)
at org.testng.internal.invokers.TestInvoker.invokeTestMethod(TestInvoker.java:221)
at org.testng.internal.invokers.MethodRunner.runInSequence(MethodRunner.java:50)
at org.testng.internal.invokers.TestInvoker$MethodInvocationAgent.invoke(TestInvoker.java:962)
at org.testng.internal.invokers.TestInvoker.invokeTestMethods(TestInvoker.java:194)
at org.testng.internal.invokers.TestMethodWorker.invokeTestMethods(TestMethodWorker.java:148)
at org.testng.internal.invokers.TestMethodWorker.run(TestMethodWorker.java:128)
at java.base/java.util.concurrent.ThreadPoolExecutor.runWorker(ThreadPoolExecutor.java:1128)
at java.base/java.util.concurrent.ThreadPoolExecutor$Worker.run(ThreadPoolExecutor.java:628)
at java.base/java.lang.Thread.run(Thread.java:834)
]]>
    </failure>
  </testcase> <!-- getAllProducts -->
  <system-out/>
  <testcase classname="org.mln.testcases.ProductsTest" name="getSingleProduct" time="0.387"/>
  <system-out/>
</testsuite> <!-- org.mln.testcases.ProductsTest -->
